0 silly argv {
0 silly argv   _: [ 'run' ],
0 silly argv   lernaVersion: '4.0.0',
0 silly argv   '$0': '/Users/mtosity/projects/web-uikit/node_modules/.bin/lerna',
0 silly argv   script: 'dev'
0 silly argv }
1 notice cli v4.0.0
2 verbose rootPath /Users/mtosity/projects/web-uikit
3 error JSONError: Unexpected token "/" (0x2F) in JSON at position 360 while parsing near "...\n  \"scripts\": {\n    // \"dev\": \"parcel sr..." in playgrounds/react-site/package.json
3 error
3 error [0m [90m 14 |[39m   }[33m,[39m[0m
3 error [0m [90m 15 |[39m   [32m"scripts"[39m[33m:[39m {[0m
3 error [0m[31m[1m>[22m[39m[90m 16 |[39m     [90m// "dev": "parcel src/index.html -p 3000"[39m[0m
3 error [0m [90m    |[39m     [31m[1m^[22m[39m[0m
3 error [0m [90m 17 |[39m   }[33m,[39m[0m
3 error [0m [90m 18 |[39m   [32m"private"[39m[33m:[39m [32m"true"[39m[33m,[39m[0m
3 error [0m [90m 19 |[39m   [32m"dependencies"[39m[33m:[39m {[0m
3 error
3 error     at parseJson (/Users/mtosity/projects/web-uikit/node_modules/parse-json/index.js:29:21)
3 error     at parse (/Users/mtosity/projects/web-uikit/node_modules/load-json-file/index.js:15:9)
3 error     at module.exports (/Users/mtosity/projects/web-uikit/node_modules/load-json-file/index.js:18:47)
